INFO  2024-04-27 11:16:17,199 [AppLog] 账号密码正确，登陆成功
INFO  2024-04-27 11:16:17,520 [AppLog] 连接PLC主界面成功
INFO  2024-04-27 11:16:17,566 [AppLog] 连接PLC自动报警界面成功
INFO  2024-04-27 11:16:22,989 [AppLog] 连接PLC单轴M26600界面成功
INFO  2024-04-27 11:16:22,995 [AppLog] 自动报警页面窗体关闭
INFO  2024-04-27 11:16:37,093 [AppLog] M4125保存按钮单击
INFO  2024-04-27 11:16:54,896 [AppLog] M4125保存按钮单击
INFO  2024-04-27 11:17:02,130 [AppLog] M4125保存按钮单击
INFO  2024-04-27 11:17:07,095 [AppLog] M4125保存按钮单击
INFO  2024-04-27 11:17:12,481 [AppLog] 寸动控制按钮单击
INFO  2024-04-27 11:17:14,301 [AppLog] 1mm按钮单击
INFO  2024-04-27 11:17:18,482 [AppLog] M26676按钮按下
INFO  2024-04-27 11:17:18,664 [AppLog] M26676按钮抬起
INFO  2024-04-27 11:17:22,024 [AppLog] M26677按钮按下
INFO  2024-04-27 11:17:22,227 [AppLog] M26677按钮抬起
INFO  2024-04-27 11:17:25,375 [AppLog] 500um按钮单击
INFO  2024-04-27 11:17:27,564 [AppLog] M26677按钮按下
INFO  2024-04-27 11:17:27,715 [AppLog] M26677按钮抬起
INFO  2024-04-27 11:17:31,884 [AppLog] 100um按钮单击
INFO  2024-04-27 11:17:34,506 [AppLog] M26676按钮按下
INFO  2024-04-27 11:17:34,709 [AppLog] M26676按钮抬起
INFO  2024-04-27 11:17:41,317 [AppLog] 主窗体关闭
