INFO  2024-04-23 14:23:31,191 [AppLog] 账号密码正确，登陆成功
INFO  2024-04-23 14:23:31,900 [AppLog] 连接PLC主界面成功
INFO  2024-04-23 14:23:31,984 [AppLog] 连接PLC自动报警界面成功
INFO  2024-04-23 14:23:47,018 [AppLog] 连接PLC单轴M18600界面成功
INFO  2024-04-23 14:23:47,058 [AppLog] 自动报警页面窗体关闭
INFO  2024-04-23 14:24:07,619 [AppLog] 主窗体关闭
INFO  2024-04-23 14:27:04,944 [AppLog] 账号密码正确，登陆成功
INFO  2024-04-23 14:27:05,385 [AppLog] 连接PLC主界面成功
INFO  2024-04-23 14:27:05,455 [AppLog] 连接PLC自动报警界面成功
INFO  2024-04-23 14:27:08,505 [AppLog] 连接PLC单轴M18700界面成功
INFO  2024-04-23 14:27:08,521 [AppLog] 自动报警页面窗体关闭
INFO  2024-04-23 14:27:29,583 [AppLog] 主窗体关闭
INFO  2024-04-23 14:28:48,937 [AppLog] 账号密码正确，登陆成功
INFO  2024-04-23 14:28:49,361 [AppLog] 连接PLC主界面成功
INFO  2024-04-23 14:28:49,421 [AppLog] 连接PLC自动报警界面成功
INFO  2024-04-23 14:28:53,273 [AppLog] 连接PLC单轴M18600界面成功
INFO  2024-04-23 14:28:53,285 [AppLog] 自动报警页面窗体关闭
INFO  2024-04-23 14:29:10,485 [AppLog] 主窗体关闭
INFO  2024-04-23 14:30:14,796 [AppLog] 账号密码正确，登陆成功
INFO  2024-04-23 14:30:15,331 [AppLog] 连接PLC主界面成功
INFO  2024-04-23 14:30:15,401 [AppLog] 连接PLC自动报警界面成功
INFO  2024-04-23 14:30:18,231 [AppLog] 连接PLC单轴M18600界面成功
INFO  2024-04-23 14:30:18,242 [AppLog] 自动报警页面窗体关闭
INFO  2024-04-23 14:30:21,099 [AppLog] 主窗体关闭
INFO  2024-04-23 14:33:29,112 [AppLog] 账号密码正确，登陆成功
INFO  2024-04-23 14:33:29,548 [AppLog] 连接PLC主界面成功
INFO  2024-04-23 14:33:29,609 [AppLog] 连接PLC自动报警界面成功
INFO  2024-04-23 14:33:32,406 [AppLog] 连接PLC单轴M18600界面成功
INFO  2024-04-23 14:33:32,416 [AppLog] 自动报警页面窗体关闭
INFO  2024-04-23 14:33:45,755 [AppLog] M4125保存按钮单击失败
INFO  2024-04-23 14:35:22,719 [AppLog] 主窗体关闭
INFO  2024-04-23 14:35:29,242 [AppLog] 账号密码正确，登陆成功
INFO  2024-04-23 14:35:29,751 [AppLog] 连接PLC主界面成功
INFO  2024-04-23 14:35:29,806 [AppLog] 连接PLC自动报警界面成功
INFO  2024-04-23 14:35:32,723 [AppLog] 连接PLC单轴M18600界面成功
INFO  2024-04-23 14:35:32,738 [AppLog] 自动报警页面窗体关闭
INFO  2024-04-23 14:36:30,495 [AppLog] M4125保存按钮单击失败
INFO  2024-04-23 14:36:43,746 [AppLog] 主窗体关闭
INFO  2024-04-23 14:38:20,766 [AppLog] 账号密码正确，登陆成功
INFO  2024-04-23 14:38:21,271 [AppLog] 连接PLC主界面成功
INFO  2024-04-23 14:38:21,349 [AppLog] 连接PLC自动报警界面成功
INFO  2024-04-23 14:38:26,965 [AppLog] 连接PLC单轴M18400界面成功
INFO  2024-04-23 14:38:26,973 [AppLog] 自动报警页面窗体关闭
INFO  2024-04-23 14:39:16,672 [AppLog] 连接PLC单轴M18600界面成功
INFO  2024-04-23 14:39:16,698 [AppLog] 单轴控制页面窗体关闭
INFO  2024-04-23 14:40:06,563 [AppLog] M4125保存按钮单击失败
INFO  2024-04-23 14:40:51,447 [AppLog] 主窗体关闭
INFO  2024-04-23 14:44:39,050 [AppLog] 账号密码正确，登陆成功
INFO  2024-04-23 14:44:39,490 [AppLog] 连接PLC主界面成功
INFO  2024-04-23 14:44:39,561 [AppLog] 连接PLC自动报警界面成功
INFO  2024-04-23 14:44:42,481 [AppLog] 连接PLC单轴M18600界面成功
INFO  2024-04-23 14:44:42,497 [AppLog] 自动报警页面窗体关闭
INFO  2024-04-23 14:44:53,588 [AppLog] M4125保存按钮单击失败
INFO  2024-04-23 14:45:27,643 [AppLog] 主窗体关闭
INFO  2024-04-23 14:50:08,997 [AppLog] 账号密码正确，登陆成功
INFO  2024-04-23 14:50:09,491 [AppLog] 连接PLC主界面成功
INFO  2024-04-23 14:50:09,552 [AppLog] 连接PLC自动报警界面成功
INFO  2024-04-23 14:50:15,079 [AppLog] 连接PLC单轴M18600界面成功
INFO  2024-04-23 14:50:15,089 [AppLog] 自动报警页面窗体关闭
INFO  2024-04-23 14:50:22,326 [AppLog] M4125保存按钮单击失败
INFO  2024-04-23 14:50:29,537 [AppLog] M4125保存按钮单击失败
INFO  2024-04-23 14:54:42,594 [AppLog] 账号密码正确，登陆成功
INFO  2024-04-23 14:54:43,116 [AppLog] 连接PLC主界面成功
INFO  2024-04-23 14:54:43,186 [AppLog] 连接PLC自动报警界面成功
INFO  2024-04-23 14:54:46,036 [AppLog] 连接PLC单轴M18600界面成功
INFO  2024-04-23 14:54:46,053 [AppLog] 自动报警页面窗体关闭
INFO  2024-04-23 14:54:53,403 [AppLog] M4125保存按钮单击失败
INFO  2024-04-23 14:55:44,467 [AppLog] 主窗体关闭
INFO  2024-04-23 14:59:47,193 [AppLog] 账号密码正确，登陆成功
INFO  2024-04-23 14:59:47,631 [AppLog] 连接PLC主界面成功
INFO  2024-04-23 14:59:47,691 [AppLog] 连接PLC自动报警界面成功
INFO  2024-04-23 14:59:54,277 [AppLog] 连接PLC单轴M18600界面成功
INFO  2024-04-23 14:59:54,287 [AppLog] 自动报警页面窗体关闭
INFO  2024-04-23 15:00:01,704 [AppLog] M4125保存按钮单击失败
INFO  2024-04-23 15:04:13,432 [AppLog] 账号密码正确，登陆成功
INFO  2024-04-23 15:04:13,872 [AppLog] 连接PLC主界面成功
INFO  2024-04-23 15:04:13,938 [AppLog] 连接PLC自动报警界面成功
INFO  2024-04-23 15:04:17,055 [AppLog] 连接PLC单轴M18600界面成功
INFO  2024-04-23 15:04:17,081 [AppLog] 自动报警页面窗体关闭
INFO  2024-04-23 15:04:26,578 [AppLog] M4125保存按钮单击失败
INFO  2024-04-23 15:04:55,118 [AppLog] 主窗体关闭
INFO  2024-04-23 15:06:41,353 [AppLog] 账号密码正确，登陆成功
INFO  2024-04-23 15:06:41,807 [AppLog] 连接PLC主界面成功
INFO  2024-04-23 15:06:41,875 [AppLog] 连接PLC自动报警界面成功
INFO  2024-04-23 15:06:44,422 [AppLog] 连接PLC单轴M18600界面成功
INFO  2024-04-23 15:08:52,361 [AppLog] 自动报警页面窗体关闭
INFO  2024-04-23 15:13:21,229 [AppLog] 账号密码正确，登陆成功
INFO  2024-04-23 15:13:21,725 [AppLog] 连接PLC主界面成功
INFO  2024-04-23 15:13:21,787 [AppLog] 连接PLC自动报警界面成功
INFO  2024-04-23 15:13:24,504 [AppLog] 连接PLC单轴M18600界面成功
INFO  2024-04-23 15:13:24,516 [AppLog] 自动报警页面窗体关闭
INFO  2024-04-23 15:13:40,037 [AppLog] 主窗体关闭
INFO  2024-04-23 15:17:00,372 [AppLog] 账号密码正确，登陆成功
INFO  2024-04-23 15:17:00,821 [AppLog] 连接PLC主界面成功
INFO  2024-04-23 15:17:00,885 [AppLog] 连接PLC自动报警界面成功
INFO  2024-04-23 15:18:07,364 [AppLog] 账号密码正确，登陆成功
INFO  2024-04-23 15:18:07,794 [AppLog] 连接PLC主界面成功
INFO  2024-04-23 15:18:07,859 [AppLog] 连接PLC自动报警界面成功
INFO  2024-04-23 15:18:10,935 [AppLog] 连接PLC单轴M18600界面成功
INFO  2024-04-23 15:18:10,946 [AppLog] 自动报警页面窗体关闭
INFO  2024-04-23 15:18:14,088 [AppLog] 主窗体关闭
INFO  2024-04-23 15:20:21,944 [AppLog] 账号密码正确，登陆成功
INFO  2024-04-23 15:20:22,387 [AppLog] 连接PLC主界面成功
INFO  2024-04-23 15:20:22,446 [AppLog] 连接PLC自动报警界面成功
INFO  2024-04-23 15:20:24,862 [AppLog] 连接PLC单轴M18600界面成功
INFO  2024-04-23 15:20:24,881 [AppLog] 自动报警页面窗体关闭
INFO  2024-04-23 15:20:32,314 [AppLog] 主窗体关闭
INFO  2024-04-23 15:21:08,054 [AppLog] 账号密码正确，登陆成功
INFO  2024-04-23 15:21:08,523 [AppLog] 连接PLC主界面成功
INFO  2024-04-23 15:21:08,586 [AppLog] 连接PLC自动报警界面成功
INFO  2024-04-23 15:21:11,062 [AppLog] 连接PLC单轴M18600界面成功
INFO  2024-04-23 15:23:54,572 [AppLog] 自动报警页面窗体关闭
INFO  2024-04-23 15:33:29,900 [AppLog] 账号密码正确，登陆成功
INFO  2024-04-23 15:33:30,357 [AppLog] 连接PLC主界面成功
INFO  2024-04-23 15:33:30,423 [AppLog] 连接PLC自动报警界面成功
INFO  2024-04-23 15:33:32,571 [AppLog] 连接PLC单轴M18600界面成功
INFO  2024-04-23 15:33:32,578 [AppLog] 自动报警页面窗体关闭
INFO  2024-04-23 15:34:38,747 [AppLog] 主窗体关闭
INFO  2024-04-23 15:36:13,704 [AppLog] 账号密码正确，登陆成功
INFO  2024-04-23 15:36:14,282 [AppLog] 连接PLC主界面成功
INFO  2024-04-23 15:36:14,354 [AppLog] 连接PLC自动报警界面成功
INFO  2024-04-23 15:36:17,391 [AppLog] 连接PLC单轴M18600界面成功
INFO  2024-04-23 15:36:17,404 [AppLog] 自动报警页面窗体关闭
INFO  2024-04-23 15:37:10,495 [AppLog] 主窗体关闭
INFO  2024-04-23 15:37:48,053 [AppLog] 账号密码正确，登陆成功
INFO  2024-04-23 15:37:48,600 [AppLog] 连接PLC主界面成功
INFO  2024-04-23 15:37:48,669 [AppLog] 连接PLC自动报警界面成功
INFO  2024-04-23 15:37:51,296 [AppLog] 连接PLC单轴M18600界面成功
INFO  2024-04-23 15:37:51,328 [AppLog] 自动报警页面窗体关闭
INFO  2024-04-23 15:38:09,411 [AppLog] M4125保存按钮单击失败
INFO  2024-04-23 15:38:25,329 [AppLog] M4125保存按钮单击失败
INFO  2024-04-23 15:38:49,318 [AppLog] 主窗体关闭
INFO  2024-04-23 15:44:27,748 [AppLog] 账号密码正确，登陆成功
INFO  2024-04-23 15:44:28,222 [AppLog] 连接PLC主界面成功
INFO  2024-04-23 15:44:28,278 [AppLog] 连接PLC自动报警界面成功
INFO  2024-04-23 15:44:31,767 [AppLog] 连接PLC单轴M18600界面成功
INFO  2024-04-23 15:44:31,783 [AppLog] 自动报警页面窗体关闭
INFO  2024-04-23 15:44:39,533 [AppLog] M4125保存按钮单击失败
INFO  2024-04-23 15:45:23,140 [AppLog] 主窗体关闭
INFO  2024-04-23 15:48:21,160 [AppLog] 账号密码正确，登陆成功
INFO  2024-04-23 15:48:21,781 [AppLog] 连接PLC主界面成功
INFO  2024-04-23 15:48:21,869 [AppLog] 连接PLC自动报警界面成功
INFO  2024-04-23 15:48:25,074 [AppLog] 连接PLC单轴M18600界面成功
INFO  2024-04-23 15:48:25,086 [AppLog] 自动报警页面窗体关闭
INFO  2024-04-23 15:48:34,027 [AppLog] M4125保存按钮单击失败
INFO  2024-04-23 15:49:04,300 [AppLog] M4125保存按钮单击失败
INFO  2024-04-23 15:49:59,604 [AppLog] 主窗体关闭
INFO  2024-04-23 15:50:38,695 [AppLog] 账号密码正确，登陆成功
INFO  2024-04-23 15:50:39,126 [AppLog] 连接PLC主界面成功
INFO  2024-04-23 15:50:39,192 [AppLog] 连接PLC自动报警界面成功
INFO  2024-04-23 15:50:44,407 [AppLog] 连接PLC单轴M18600界面成功
INFO  2024-04-23 15:54:06,150 [AppLog] 账号密码正确，登陆成功
INFO  2024-04-23 15:54:06,713 [AppLog] 连接PLC主界面成功
INFO  2024-04-23 15:54:06,793 [AppLog] 连接PLC自动报警界面成功
INFO  2024-04-23 15:54:09,501 [AppLog] 连接PLC单轴M18600界面成功
INFO  2024-04-23 15:54:09,516 [AppLog] 自动报警页面窗体关闭
INFO  2024-04-23 15:54:18,230 [AppLog] M4125保存按钮单击失败
INFO  2024-04-23 15:54:58,548 [AppLog] 主窗体关闭
INFO  2024-04-23 15:55:12,985 [AppLog] 账号密码正确，登陆成功
INFO  2024-04-23 15:55:13,419 [AppLog] 连接PLC主界面成功
INFO  2024-04-23 15:55:13,483 [AppLog] 连接PLC自动报警界面成功
INFO  2024-04-23 15:55:17,465 [AppLog] 连接PLC单轴M18600界面成功
INFO  2024-04-23 15:55:17,488 [AppLog] 自动报警页面窗体关闭
INFO  2024-04-23 15:55:20,357 [AppLog] M4125保存按钮单击失败
INFO  2024-04-23 15:55:36,849 [AppLog] 主窗体关闭
INFO  2024-04-23 15:55:52,341 [AppLog] 账号密码正确，登陆成功
INFO  2024-04-23 15:55:52,779 [AppLog] 连接PLC主界面成功
INFO  2024-04-23 15:55:52,848 [AppLog] 连接PLC自动报警界面成功
INFO  2024-04-23 15:56:00,351 [AppLog] 连接PLC单轴M18600界面成功
INFO  2024-04-23 15:56:00,361 [AppLog] 自动报警页面窗体关闭
INFO  2024-04-23 15:56:36,034 [AppLog] M4125保存按钮单击失败
INFO  2024-04-23 15:57:29,795 [AppLog] M4125保存按钮单击失败
INFO  2024-04-23 15:58:27,389 [AppLog] 账号密码正确，登陆成功
INFO  2024-04-23 15:58:27,822 [AppLog] 连接PLC主界面成功
INFO  2024-04-23 15:58:27,879 [AppLog] 连接PLC自动报警界面成功
INFO  2024-04-23 15:58:33,175 [AppLog] 连接PLC单轴M18600界面成功
INFO  2024-04-23 15:58:33,191 [AppLog] 自动报警页面窗体关闭
INFO  2024-04-23 15:58:46,112 [AppLog] M4125保存按钮单击失败
INFO  2024-04-23 15:58:57,472 [AppLog] M4125保存按钮单击失败
INFO  2024-04-23 15:59:09,742 [AppLog] 主窗体关闭
INFO  2024-04-23 16:07:06,806 [AppLog] 账号密码正确，登陆成功
INFO  2024-04-23 16:07:07,239 [AppLog] 连接PLC主界面成功
INFO  2024-04-23 16:07:07,296 [AppLog] 连接PLC自动报警界面成功
INFO  2024-04-23 16:07:11,057 [AppLog] 连接PLC单轴M18600界面成功
INFO  2024-04-23 16:07:11,066 [AppLog] 自动报警页面窗体关闭
INFO  2024-04-23 16:07:22,736 [AppLog] M4125保存按钮单击失败
INFO  2024-04-23 16:07:46,443 [AppLog] M4125保存按钮单击失败
INFO  2024-04-23 16:07:49,046 [AppLog] 连接PLC自动报警界面成功
INFO  2024-04-23 16:07:49,068 [AppLog] 单轴控制页面窗体关闭
INFO  2024-04-23 16:08:42,569 [AppLog] 主窗体关闭
INFO  2024-04-23 16:10:51,468 [AppLog] 账号密码正确，登陆成功
INFO  2024-04-23 16:10:51,849 [AppLog] 连接PLC主界面成功
INFO  2024-04-23 16:10:51,916 [AppLog] 连接PLC自动报警界面成功
INFO  2024-04-23 16:10:55,191 [AppLog] 连接PLC单轴M18600界面成功
INFO  2024-04-23 16:10:55,207 [AppLog] 自动报警页面窗体关闭
INFO  2024-04-23 16:11:07,365 [AppLog] M4125保存按钮单击失败
INFO  2024-04-23 16:11:22,061 [AppLog] 连接PLC自动报警界面成功
INFO  2024-04-23 16:11:22,085 [AppLog] 单轴控制页面窗体关闭
INFO  2024-04-23 16:11:36,770 [AppLog] 主窗体关闭
INFO  2024-04-23 16:18:54,988 [AppLog] 账号密码正确，登陆成功
INFO  2024-04-23 16:18:55,425 [AppLog] 连接PLC主界面成功
INFO  2024-04-23 16:18:55,484 [AppLog] 连接PLC自动报警界面成功
INFO  2024-04-23 16:19:01,367 [AppLog] 连接PLC单轴M18600界面成功
INFO  2024-04-23 16:19:01,376 [AppLog] 自动报警页面窗体关闭
INFO  2024-04-23 16:19:07,832 [AppLog] M4125保存按钮单击失败
INFO  2024-04-23 16:19:29,533 [AppLog] 连接PLC自动报警界面成功
INFO  2024-04-23 16:19:29,560 [AppLog] 单轴控制页面窗体关闭
INFO  2024-04-23 16:19:58,889 [AppLog] 主窗体关闭
INFO  2024-04-23 16:20:44,481 [AppLog] 账号密码正确，登陆成功
INFO  2024-04-23 16:20:44,859 [AppLog] 连接PLC主界面成功
INFO  2024-04-23 16:20:44,917 [AppLog] 连接PLC自动报警界面成功
INFO  2024-04-23 16:20:48,270 [AppLog] 连接PLC单轴M18600界面成功
INFO  2024-04-23 16:20:48,281 [AppLog] 自动报警页面窗体关闭
INFO  2024-04-23 16:21:02,977 [AppLog] 连接PLC单轴M18600界面成功
INFO  2024-04-23 16:21:02,987 [AppLog] 单轴控制页面窗体关闭
INFO  2024-04-23 16:21:08,189 [AppLog] 主窗体关闭
INFO  2024-04-23 16:21:29,111 [AppLog] 账号密码正确，登陆成功
INFO  2024-04-23 16:21:29,531 [AppLog] 连接PLC主界面成功
INFO  2024-04-23 16:21:29,590 [AppLog] 连接PLC自动报警界面成功
INFO  2024-04-23 16:21:31,889 [AppLog] 连接PLC单轴M18600界面成功
INFO  2024-04-23 16:21:31,917 [AppLog] 自动报警页面窗体关闭
INFO  2024-04-23 16:21:51,104 [AppLog] M4125保存按钮单击失败
INFO  2024-04-23 16:22:00,867 [AppLog] M4125保存按钮单击失败
INFO  2024-04-23 16:22:14,414 [AppLog] 主窗体关闭
INFO  2024-04-23 16:22:46,680 [AppLog] 账号密码正确，登陆成功
INFO  2024-04-23 16:22:47,085 [AppLog] 连接PLC主界面成功
INFO  2024-04-23 16:22:47,142 [AppLog] 连接PLC自动报警界面成功
INFO  2024-04-23 16:22:49,534 [AppLog] 连接PLC单轴M18600界面成功
INFO  2024-04-23 16:22:49,543 [AppLog] 自动报警页面窗体关闭
INFO  2024-04-23 16:23:16,948 [AppLog] M4125保存按钮单击
INFO  2024-04-23 16:24:27,663 [AppLog] 主窗体关闭
INFO  2024-04-23 16:24:47,079 [AppLog] 账号密码正确，登陆成功
INFO  2024-04-23 16:24:47,489 [AppLog] 连接PLC主界面成功
INFO  2024-04-23 16:24:47,548 [AppLog] 连接PLC自动报警界面成功
INFO  2024-04-23 16:24:50,318 [AppLog] 连接PLC单轴M18500界面成功
INFO  2024-04-23 16:24:50,353 [AppLog] 自动报警页面窗体关闭
INFO  2024-04-23 16:24:53,973 [AppLog] 连接PLC单轴M18600界面成功
INFO  2024-04-23 16:24:53,990 [AppLog] 单轴控制页面窗体关闭
INFO  2024-04-23 16:25:02,390 [AppLog] M4125保存按钮单击
INFO  2024-04-23 16:25:29,065 [AppLog] M4125保存按钮单击
INFO  2024-04-23 16:26:21,622 [AppLog] M4125保存按钮单击
INFO  2024-04-23 16:26:54,981 [AppLog] 主窗体关闭
INFO  2024-04-23 16:27:10,770 [AppLog] 账号密码正确，登陆成功
INFO  2024-04-23 16:27:11,199 [AppLog] 连接PLC主界面成功
INFO  2024-04-23 16:27:11,259 [AppLog] 连接PLC自动报警界面成功
INFO  2024-04-23 16:27:14,929 [AppLog] 连接PLC单轴M18600界面成功
INFO  2024-04-23 16:27:14,937 [AppLog] 自动报警页面窗体关闭
INFO  2024-04-23 16:27:26,518 [AppLog] 主窗体关闭
INFO  2024-04-23 16:29:40,167 [AppLog] 账号密码正确，登陆成功
INFO  2024-04-23 16:29:40,555 [AppLog] 连接PLC主界面成功
INFO  2024-04-23 16:29:40,613 [AppLog] 连接PLC自动报警界面成功
INFO  2024-04-23 16:29:42,971 [AppLog] 连接PLC单轴M18600界面成功
INFO  2024-04-23 16:29:43,534 [AppLog] 自动报警页面窗体关闭
INFO  2024-04-23 16:29:53,778 [AppLog] M4125保存按钮单击
INFO  2024-04-23 16:30:37,011 [AppLog] 主窗体关闭
INFO  2024-04-23 16:31:17,850 [AppLog] 账号密码正确，登陆成功
INFO  2024-04-23 16:31:18,251 [AppLog] 连接PLC主界面成功
INFO  2024-04-23 16:31:18,307 [AppLog] 连接PLC自动报警界面成功
INFO  2024-04-23 16:31:22,218 [AppLog] 连接PLC单轴M18600界面成功
INFO  2024-04-23 16:31:22,228 [AppLog] 自动报警页面窗体关闭
INFO  2024-04-23 16:31:52,103 [AppLog] M4125保存按钮单击
INFO  2024-04-23 16:31:55,496 [AppLog] 主窗体关闭
INFO  2024-04-23 16:32:32,921 [AppLog] 账号密码正确，登陆成功
INFO  2024-04-23 16:32:33,302 [AppLog] 连接PLC主界面成功
INFO  2024-04-23 16:32:33,362 [AppLog] 连接PLC自动报警界面成功
INFO  2024-04-23 16:32:36,115 [AppLog] 连接PLC单轴M18600界面成功
INFO  2024-04-23 16:32:36,124 [AppLog] 自动报警页面窗体关闭
INFO  2024-04-23 16:33:07,737 [AppLog] M4125保存按钮单击失败
INFO  2024-04-23 16:33:13,573 [AppLog] 主窗体关闭
INFO  2024-04-23 16:33:55,618 [AppLog] 账号密码正确，登陆成功
INFO  2024-04-23 16:33:56,051 [AppLog] 连接PLC主界面成功
INFO  2024-04-23 16:33:56,107 [AppLog] 连接PLC自动报警界面成功
INFO  2024-04-23 16:33:58,587 [AppLog] 连接PLC单轴M18600界面成功
INFO  2024-04-23 16:33:58,595 [AppLog] 自动报警页面窗体关闭
INFO  2024-04-23 16:34:09,122 [AppLog] M4125保存按钮单击失败
INFO  2024-04-23 16:34:14,717 [AppLog] 主窗体关闭
INFO  2024-04-23 16:34:45,423 [AppLog] 账号密码正确，登陆成功
INFO  2024-04-23 16:34:45,975 [AppLog] 连接PLC主界面成功
INFO  2024-04-23 16:34:46,062 [AppLog] 连接PLC自动报警界面成功
INFO  2024-04-23 16:34:50,076 [AppLog] 连接PLC单轴M18600界面成功
INFO  2024-04-23 16:34:50,083 [AppLog] 自动报警页面窗体关闭
INFO  2024-04-23 16:34:52,734 [AppLog] 主窗体关闭
INFO  2024-04-23 16:36:00,495 [AppLog] 账号密码正确，登陆成功
INFO  2024-04-23 16:36:00,934 [AppLog] 连接PLC主界面成功
INFO  2024-04-23 16:36:00,995 [AppLog] 连接PLC自动报警界面成功
INFO  2024-04-23 16:36:03,704 [AppLog] 连接PLC单轴M18600界面成功
INFO  2024-04-23 16:36:03,732 [AppLog] 自动报警页面窗体关闭
INFO  2024-04-23 16:36:12,914 [AppLog] M4125保存按钮单击
INFO  2024-04-23 16:36:38,958 [AppLog] M4125保存按钮单击
INFO  2024-04-23 16:37:01,261 [AppLog] M4125保存按钮单击失败
INFO  2024-04-23 16:37:17,834 [AppLog] M4125保存按钮单击
INFO  2024-04-23 16:38:15,505 [AppLog] M4125保存按钮单击失败
INFO  2024-04-23 16:38:33,553 [AppLog] M4125保存按钮单击
INFO  2024-04-23 16:39:00,453 [AppLog] M4125保存按钮单击失败
INFO  2024-04-23 16:39:16,168 [AppLog] M4125保存按钮单击
INFO  2024-04-23 16:40:08,635 [AppLog] 主窗体关闭
INFO  2024-04-23 16:40:46,369 [AppLog] 账号密码正确，登陆成功
INFO  2024-04-23 16:40:46,770 [AppLog] 连接PLC主界面成功
INFO  2024-04-23 16:40:46,824 [AppLog] 连接PLC自动报警界面成功
INFO  2024-04-23 16:40:49,818 [AppLog] 连接PLC单轴M18600界面成功
INFO  2024-04-23 16:40:49,842 [AppLog] 自动报警页面窗体关闭
INFO  2024-04-23 16:41:08,177 [AppLog] M4125保存按钮单击失败
INFO  2024-04-23 16:42:53,485 [AppLog] 账号密码正确，登陆成功
INFO  2024-04-23 16:42:53,859 [AppLog] 连接PLC主界面成功
INFO  2024-04-23 16:42:53,914 [AppLog] 连接PLC自动报警界面成功
INFO  2024-04-23 16:43:03,919 [AppLog] 连接PLC单轴M18600界面成功
INFO  2024-04-23 16:43:03,929 [AppLog] 自动报警页面窗体关闭
INFO  2024-04-23 16:45:22,911 [AppLog] 账号密码正确，登陆成功
INFO  2024-04-23 16:45:23,291 [AppLog] 连接PLC主界面成功
INFO  2024-04-23 16:45:23,350 [AppLog] 连接PLC自动报警界面成功
INFO  2024-04-23 16:45:25,649 [AppLog] 连接PLC单轴M18600界面成功
INFO  2024-04-23 16:45:25,659 [AppLog] 自动报警页面窗体关闭
INFO  2024-04-23 16:45:35,394 [AppLog] M4125保存按钮单击失败
INFO  2024-04-23 16:45:59,965 [AppLog] 主窗体关闭
INFO  2024-04-23 16:47:05,554 [AppLog] 账号密码正确，登陆成功
INFO  2024-04-23 16:47:06,058 [AppLog] 连接PLC主界面成功
INFO  2024-04-23 16:47:06,128 [AppLog] 连接PLC自动报警界面成功
INFO  2024-04-23 16:47:09,471 [AppLog] 连接PLC单轴M18600界面成功
INFO  2024-04-23 16:47:09,479 [AppLog] 自动报警页面窗体关闭
INFO  2024-04-23 16:47:26,175 [AppLog] M4125保存按钮单击失败
INFO  2024-04-23 16:48:36,570 [AppLog] M4125保存按钮单击失败
INFO  2024-04-23 16:49:08,630 [AppLog] M4125保存按钮单击失败
INFO  2024-04-23 16:49:34,042 [AppLog] 主窗体关闭
INFO  2024-04-23 17:05:57,923 [AppLog] 账号密码正确，登陆成功
INFO  2024-04-23 17:05:58,335 [AppLog] 连接PLC主界面成功
INFO  2024-04-23 17:05:58,391 [AppLog] 连接PLC自动报警界面成功
INFO  2024-04-23 17:06:02,971 [AppLog] 连接PLC单轴M18600界面成功
INFO  2024-04-23 17:06:02,999 [AppLog] 自动报警页面窗体关闭
INFO  2024-04-23 17:06:23,594 [AppLog] M4125保存按钮单击
INFO  2024-04-23 17:07:09,786 [AppLog] M4125保存按钮单击
INFO  2024-04-23 17:07:23,125 [AppLog] 主窗体关闭
INFO  2024-04-23 17:08:00,947 [AppLog] 账号密码正确，登陆成功
INFO  2024-04-23 17:08:01,358 [AppLog] 连接PLC主界面成功
INFO  2024-04-23 17:08:01,411 [AppLog] 连接PLC自动报警界面成功
INFO  2024-04-23 17:08:10,501 [AppLog] 连接PLC单轴M18600界面成功
INFO  2024-04-23 17:08:10,517 [AppLog] 自动报警页面窗体关闭
INFO  2024-04-23 17:08:22,241 [AppLog] M4125保存按钮单击
INFO  2024-04-23 17:08:50,897 [AppLog] 主窗体关闭
INFO  2024-04-23 17:09:04,735 [AppLog] 账号密码正确，登陆成功
INFO  2024-04-23 17:09:05,190 [AppLog] 连接PLC主界面成功
INFO  2024-04-23 17:09:05,246 [AppLog] 连接PLC自动报警界面成功
INFO  2024-04-23 17:09:11,039 [AppLog] 连接PLC单轴M18600界面成功
INFO  2024-04-23 17:09:11,046 [AppLog] 自动报警页面窗体关闭
